[debug] [2022-05-26T00:39:38.089Z] ----------------------------------------------------------------------
[debug] [2022-05-26T00:39:38.091Z] Command:       /home/chris/.nvm/versions/node/v16.15.0/bin/node /home/chris/.nvm/versions/node/v16.15.0/bin/firebase init
[debug] [2022-05-26T00:39:38.091Z] CLI Version:   11.0.1
[debug] [2022-05-26T00:39:38.092Z] Platform:      linux
[debug] [2022-05-26T00:39:38.092Z] Node Version:  v16.15.0
[debug] [2022-05-26T00:39:38.092Z] Time:          Wed May 25 2022 19:39:38 GMT-0500 (Central Daylight Time)
[debug] [2022-05-26T00:39:38.092Z] ----------------------------------------------------------------------
[debug] 
[debug] [2022-05-26T00:39:38.098Z] > command requires scopes: ["email","openid","https://www.googleapis.com/auth/cloudplatformprojects.readonly","https://www.googleapis.com/auth/firebase","https://www.googleapis.com/auth/cloud-platform"]
[debug] [2022-05-26T00:39:38.099Z] > authorizing via signed-in user (chrisgavlon@gmail.com)
[info] 
     ######## #### ########  ######## ########     ###     ######  ########
     ##        ##  ##     ## ##       ##     ##  ##   ##  ##       ##
     ######    ##  ########  ######   ########  #########  ######  ######
     ##        ##  ##    ##  ##       ##     ## ##     ##       ## ##
     ##       #### ##     ## ######## ########  ##     ##  ######  ########

You're about to initialize a Firebase project in this directory:

  /home/chris/Development/Code/Projects/Porfolio-Project/portfolio-v1

[info] 
=== Project Setup
[info] 
[info] First, let's associate this project directory with a Firebase project.
[info] You can create multiple project aliases by running firebase use --add, 
[info] but for now we'll just set up a default project.
[info] 
[debug] [2022-05-26T00:40:22.947Z] >>> [apiv2][query] GET https://firebase.googleapis.com/v1beta1/projects pageSize=100
[debug] [2022-05-26T00:40:23.611Z] <<< [apiv2][status] GET https://firebase.googleapis.com/v1beta1/projects 200
[debug] [2022-05-26T00:40:23.612Z] <<< [apiv2][body] GET https://firebase.googleapis.com/v1beta1/projects [omitted]
[info] i  Using project portfolio-3ae8b (Portfolio) 
[info] 
=== Hosting Setup
[info] 
[info] Your public directory is the folder (relative to your project directory) that
[info] will contain Hosting assets to be uploaded with firebase deploy. If you
[info] have a build process for your assets, use your build's output directory.
[info] 
[debug] [2022-05-26T00:42:58.286Z] >>> [apiv2][query] GET https://www.gstatic.com/firebasejs/releases.json [none]
[debug] [2022-05-26T00:42:58.406Z] <<< [apiv2][status] GET https://www.gstatic.com/firebasejs/releases.json 200
[debug] [2022-05-26T00:42:58.407Z] <<< [apiv2][body] GET https://www.gstatic.com/firebasejs/releases.json {"current":{"version":"9.8.1","browserURL":"https://www.gstatic.com/firebasejs/9.8.1/firebase.js","packageURL":"https://www.gstatic.com/firebasejs/9.8.1/firebase.tgz"},"live":{"version":"9.8","browserURL":"https://www.gstatic.com/firebasejs/live/9.8/firebase.js","packageURL":"https://www.gstatic.com/firebasejs/live/9.8/firebase.tgz"},"components":{"analytics":"https://www.gstatic.com/firebasejs/9.8.1/firebase-analytics.js","app":"https://www.gstatic.com/firebasejs/9.8.1/firebase-app.js","app-check":"https://www.gstatic.com/firebasejs/9.8.1/firebase-app-check.js","auth":"https://www.gstatic.com/firebasejs/9.8.1/firebase-auth.js","auth/cordova":"https://www.gstatic.com/firebasejs/9.8.1/firebase-auth/cordova.js","auth/react-native":"https://www.gstatic.com/firebasejs/9.8.1/firebase-auth/react-native.js","functions":"https://www.gstatic.com/firebasejs/9.8.1/firebase-functions.js","firestore":"https://www.gstatic.com/firebasejs/9.8.1/firebase-firestore.js","firestore/lite":"https://www.gstatic.com/firebasejs/9.8.1/firebase-firestore/lite.js","storage":"https://www.gstatic.com/firebasejs/9.8.1/firebase-storage.js","performance":"https://www.gstatic.com/firebasejs/9.8.1/firebase-performance.js","remote-config":"https://www.gstatic.com/firebasejs/9.8.1/firebase-remote-config.js","messaging":"https://www.gstatic.com/firebasejs/9.8.1/firebase-messaging.js","messaging/sw":"https://www.gstatic.com/firebasejs/9.8.1/firebase-messaging/sw.js","database":"https://www.gstatic.com/firebasejs/9.8.1/firebase-database.js","firestore.memory":"https://www.gstatic.com/firebasejs/9.8.1/firebase-firestore.memory.js"}}
[info] ✔  Wrote build/index.html 
[info] 
[info] i  Detected a .git folder at /home/chris/Development/Code/Projects/Porfolio-Project/portfolio-v1 
[info] i  Authorizing with GitHub to upload your service account to a GitHub repository's secrets store. 
[info] 
[info] Visit this URL on this device to log in:
[info] https://github.com/login/oauth/authorize?client_id=89cf50f02ac6aaed3484&state=656358676&redirect_uri=http%3A%2F%2Flocalhost%3A9005&scope=read%3Auser%20repo%20public_repo
[info] 
[info] Waiting for authentication...
[debug] [2022-05-26T00:43:14.294Z] >>> HTTP REQUEST POST https://github.com/login/oauth/access_token  
 {"client_id":"89cf50f02ac6aaed3484","client_secret":"3330d14abc895d9a74d5f17cd7a00711fa2c5bf0","code":"c91a0704aae2a7872dad","redirect_uri":"http://localhost:9005","state":"656358676"}
[debug] [2022-05-26T00:43:14.608Z] <<< HTTP RESPONSE 200 {"server":"GitHub.com","date":"Thu, 26 May 2022 00:43:13 GMT","content-type":"application/json; charset=utf-8","transfer-encoding":"chunked","vary":"X-PJAX, X-PJAX-Container, Turbo-Visit, Turbo-Frame, Accept-Encoding, Accept, X-Requested-With","permissions-policy":"interest-cohort=()","etag":"W/\"68e0c7d83669aeb6f95622bfbfd40e3e\"","cache-control":"max-age=0, private, must-revalidate","strict-transport-security":"max-age=31536000; includeSubdomains; preload","x-frame-options":"deny","x-content-type-options":"nosniff","x-xss-protection":"0","referrer-policy":"origin-when-cross-origin, strict-origin-when-cross-origin","expect-ct":"max-age=2592000, report-uri=\"https://api.github.com/_private/browser/errors\"","content-security-policy":"default-src 'none'; base-uri 'self'; block-all-mixed-content; child-src github.com/assets-cdn/worker/ gist.github.com/assets-cdn/worker/; connect-src 'self' uploads.github.com objects-origin.githubusercontent.com www.githubstatus.com collector.github.com raw.githubusercontent.com api.github.com github-cloud.s3.amazonaws.com github-production-repository-file-5c1aeb.s3.amazonaws.com github-production-upload-manifest-file-7fdce7.s3.amazonaws.com github-production-user-asset-6210df.s3.amazonaws.com cdn.optimizely.com logx.optimizely.com/v1/events *.actions.githubusercontent.com wss://*.actions.githubusercontent.com online.visualstudio.com/api/v1/locations github-production-repository-image-32fea6.s3.amazonaws.com github-production-release-asset-2e65be.s3.amazonaws.com insights.github.com wss://alive.github.com; font-src github.githubassets.com; form-action 'self' github.com gist.github.com objects-origin.githubusercontent.com; frame-ancestors 'none'; frame-src render.githubusercontent.com viewscreen.githubusercontent.com notebooks.githubusercontent.com; img-src 'self' data: github.githubassets.com identicons.github.com github-cloud.s3.amazonaws.com secured-user-images.githubusercontent.com/ github-production-user-asset-6210df.s3.amazonaws.com *.githubusercontent.com; manifest-src 'self'; media-src github.com user-images.githubusercontent.com/; script-src github.githubassets.com; style-src 'unsafe-inline' github.githubassets.com; worker-src github.com/assets-cdn/worker/ gist.github.com/assets-cdn/worker/","x-github-request-id":"EDD6:4391:155B98:264E59:628ECD21"}
[debug] [2022-05-26T00:43:14.625Z] >>> [apiv2][query] GET https://api.github.com/user [none]
[debug] [2022-05-26T00:43:14.968Z] <<< [apiv2][status] GET https://api.github.com/user 200
[debug] [2022-05-26T00:43:14.969Z] <<< [apiv2][body] GET https://api.github.com/user {"login":"ChrisGavlon","id":88654164,"node_id":"MDQ6VXNlcjg4NjU0MTY0","avatar_url":"https://avatars.githubusercontent.com/u/88654164?v=4","gravatar_id":"","url":"https://api.github.com/users/ChrisGavlon","html_url":"https://github.com/ChrisGavlon","followers_url":"https://api.github.com/users/ChrisGavlon/followers","following_url":"https://api.github.com/users/ChrisGavlon/following{/other_user}","gists_url":"https://api.github.com/users/ChrisGavlon/gists{/gist_id}","starred_url":"https://api.github.com/users/ChrisGavlon/starred{/owner}{/repo}","subscriptions_url":"https://api.github.com/users/ChrisGavlon/subscriptions","organizations_url":"https://api.github.com/users/ChrisGavlon/orgs","repos_url":"https://api.github.com/users/ChrisGavlon/repos","events_url":"https://api.github.com/users/ChrisGavlon/events{/privacy}","received_events_url":"https://api.github.com/users/ChrisGavlon/received_events","type":"User","site_admin":false,"name":null,"company":null,"blog":"","location":null,"email":null,"hireable":null,"bio":null,"twitter_username":null,"public_repos":140,"public_gists":0,"followers":0,"following":0,"created_at":"2021-08-09T08:37:23Z","updated_at":"2022-03-03T05:15:47Z","private_gists":0,"total_private_repos":0,"owned_private_repos":0,"disk_usage":8281,"collaborators":0,"two_factor_authentication":false,"plan":{"name":"free","space":976562499,"collaborators":0,"private_repos":10000}}
[info] 
[info] ✔  Success! Logged into GitHub as ChrisGavlon 
[info] 
